{"/Users/suhaasnv/Documents/Desktop ALT/portfolioprojects/echobrief-ai/src/lib/date-utils.ts": {"path":"/Users/suhaasnv/Documents/Desktop ALT/portfolioprojects/echobrief-ai/src/lib/date-utils.ts","statementMap":{"0":{"start":{"line":15,"column":12},"end":{"line":15,"column":null}},"1":{"start":{"line":16,"column":2},"end":{"line":16,"column":null}},"2":{"start":{"line":16,"column":33},"end":{"line":16,"column":null}},"3":{"start":{"line":18,"column":46},"end":{"line":22,"column":null}},"4":{"start":{"line":24,"column":2},"end":{"line":24,"column":null}},"5":{"start":{"line":33,"column":2},"end":{"line":33,"column":null}},"6":{"start":{"line":33,"column":19},"end":{"line":33,"column":null}},"7":{"start":{"line":34,"column":12},"end":{"line":34,"column":null}},"8":{"start":{"line":35,"column":12},"end":{"line":35,"column":null}},"9":{"start":{"line":36,"column":2},"end":{"line":36,"column":null}},"10":{"start":{"line":45,"column":12},"end":{"line":45,"column":null}},"11":{"start":{"line":46,"column":12},"end":{"line":46,"column":null}},"12":{"start":{"line":47,"column":2},"end":{"line":47,"column":null}},"13":{"start":{"line":56,"column":15},"end":{"line":56,"column":null}},"14":{"start":{"line":57,"column":16},"end":{"line":57,"column":null}},"15":{"start":{"line":58,"column":18},"end":{"line":58,"column":null}},"16":{"start":{"line":60,"column":2},"end":{"line":60,"column":null}},"17":{"start":{"line":60,"column":16},"end":{"line":60,"column":null}},"18":{"start":{"line":61,"column":2},"end":{"line":61,"column":null}},"19":{"start":{"line":61,"column":17},"end":{"line":61,"column":null}},"20":{"start":{"line":62,"column":2},"end":{"line":62,"column":null}},"21":{"start":{"line":71,"column":2},"end":{"line":71,"column":null}},"22":{"start":{"line":71,"column":12},"end":{"line":71,"column":null}},"23":{"start":{"line":72,"column":2},"end":{"line":72,"column":null}},"24":{"start":{"line":81,"column":2},"end":{"line":81,"column":null}},"25":{"start":{"line":81,"column":12},"end":{"line":81,"column":null}},"26":{"start":{"line":82,"column":12},"end":{"line":82,"column":null}},"27":{"start":{"line":83,"column":2},"end":{"line":83,"column":null}},"28":{"start":{"line":92,"column":12},"end":{"line":92,"column":null}},"29":{"start":{"line":93,"column":2},"end":{"line":93,"column":null}},"30":{"start":{"line":93,"column":33},"end":{"line":93,"column":null}},"31":{"start":{"line":95,"column":2},"end":{"line":101,"column":null}},"32":{"start":{"line":109,"column":2},"end":{"line":113,"column":null}}},"fnMap":{"0":{"name":"formatDate","decl":{"start":{"line":14,"column":16},"end":{"line":14,"column":27}},"loc":{"start":{"line":14,"column":69},"end":{"line":25,"column":null}},"line":14},"1":{"name":"formatDuration","decl":{"start":{"line":32,"column":16},"end":{"line":32,"column":31}},"loc":{"start":{"line":32,"column":59},"end":{"line":37,"column":null}},"line":32},"2":{"name":"formatTimestamp","decl":{"start":{"line":44,"column":16},"end":{"line":44,"column":32}},"loc":{"start":{"line":44,"column":53},"end":{"line":48,"column":null}},"line":44},"3":{"name":"formatUptime","decl":{"start":{"line":55,"column":16},"end":{"line":55,"column":29}},"loc":{"start":{"line":55,"column":50},"end":{"line":63,"column":null}},"line":55},"4":{"name":"formatDue","decl":{"start":{"line":70,"column":16},"end":{"line":70,"column":26}},"loc":{"start":{"line":70,"column":54},"end":{"line":73,"column":null}},"line":70},"5":{"name":"isOverdue","decl":{"start":{"line":80,"column":16},"end":{"line":80,"column":26}},"loc":{"start":{"line":80,"column":55},"end":{"line":84,"column":null}},"line":80},"6":{"name":"formatDateTime","decl":{"start":{"line":91,"column":16},"end":{"line":91,"column":31}},"loc":{"start":{"line":91,"column":52},"end":{"line":102,"column":null}},"line":91},"7":{"name":"getTodayFormatted","decl":{"start":{"line":108,"column":16},"end":{"line":108,"column":44}},"loc":{"start":{"line":108,"column":44},"end":{"line":114,"column":null}},"line":108}},"branchMap":{"0":{"loc":{"start":{"line":14,"column":40},"end":{"line":14,"column":69}},"type":"default-arg","locations":[{"start":{"line":14,"column":54},"end":{"line":14,"column":69}}],"line":14},"1":{"loc":{"start":{"line":16,"column":2},"end":{"line":16,"column":null}},"type":"if","locations":[{"start":{"line":16,"column":2},"end":{"line":16,"column":null}},{"start":{},"end":{}}],"line":16},"2":{"loc":{"start":{"line":21,"column":8},"end":{"line":21,"column":null}},"type":"binary-expr","locations":[{"start":{"line":21,"column":8},"end":{"line":21,"column":23}},{"start":{"line":21,"column":23},"end":{"line":21,"column":null}}],"line":21},"3":{"loc":{"start":{"line":33,"column":2},"end":{"line":33,"column":null}},"type":"if","locations":[{"start":{"line":33,"column":2},"end":{"line":33,"column":null}},{"start":{},"end":{}}],"line":33},"4":{"loc":{"start":{"line":60,"column":2},"end":{"line":60,"column":null}},"type":"if","locations":[{"start":{"line":60,"column":2},"end":{"line":60,"column":null}},{"start":{},"end":{}}],"line":60},"5":{"loc":{"start":{"line":61,"column":2},"end":{"line":61,"column":null}},"type":"if","locations":[{"start":{"line":61,"column":2},"end":{"line":61,"column":null}},{"start":{},"end":{}}],"line":61},"6":{"loc":{"start":{"line":71,"column":2},"end":{"line":71,"column":null}},"type":"if","locations":[{"start":{"line":71,"column":2},"end":{"line":71,"column":null}},{"start":{},"end":{}}],"line":71},"7":{"loc":{"start":{"line":81,"column":2},"end":{"line":81,"column":null}},"type":"if","locations":[{"start":{"line":81,"column":2},"end":{"line":81,"column":null}},{"start":{},"end":{}}],"line":81},"8":{"loc":{"start":{"line":83,"column":9},"end":{"line":83,"column":null}},"type":"binary-expr","locations":[{"start":{"line":83,"column":9},"end":{"line":83,"column":39}},{"start":{"line":83,"column":39},"end":{"line":83,"column":null}}],"line":83},"9":{"loc":{"start":{"line":93,"column":2},"end":{"line":93,"column":null}},"type":"if","locations":[{"start":{"line":93,"column":2},"end":{"line":93,"column":null}},{"start":{},"end":{}}],"line":93}},"s":{"0":8,"1":8,"2":1,"3":7,"4":8,"5":13,"6":1,"7":12,"8":12,"9":12,"10":9,"11":9,"12":9,"13":10,"14":10,"15":10,"16":10,"17":4,"18":6,"19":6,"20":3,"21":3,"22":2,"23":1,"24":8,"25":2,"26":6,"27":6,"28":3,"29":3,"30":1,"31":2,"32":2},"f":{"0":8,"1":13,"2":9,"3":10,"4":3,"5":8,"6":3,"7":2},"b":{"0":[8],"1":[1,7],"2":[7,2],"3":[1,12],"4":[4,6],"5":[3,3],"6":[2,1],"7":[2,6],"8":[6,5],"9":[1,2]},"meta":{"lastBranch":10,"lastFunction":8,"lastStatement":33,"seen":{"f:14:16:14:27":0,"b:14:54:14:69":0,"s:15:12:15:Infinity":0,"b:16:2:16:Infinity:undefined:undefined:undefined:undefined":1,"s:16:2:16:Infinity":1,"s:16:33:16:Infinity":2,"s:18:46:22:Infinity":3,"b:21:8:21:23:21:23:21:Infinity":2,"s:24:2:24:Infinity":4,"f:32:16:32:31":1,"b:33:2:33:Infinity:undefined:undefined:undefined:undefined":3,"s:33:2:33:Infinity":5,"s:33:19:33:Infinity":6,"s:34:12:34:Infinity":7,"s:35:12:35:Infinity":8,"s:36:2:36:Infinity":9,"f:44:16:44:32":2,"s:45:12:45:Infinity":10,"s:46:12:46:Infinity":11,"s:47:2:47:Infinity":12,"f:55:16:55:29":3,"s:56:15:56:Infinity":13,"s:57:16:57:Infinity":14,"s:58:18:58:Infinity":15,"b:60:2:60:Infinity:undefined:undefined:undefined:undefined":4,"s:60:2:60:Infinity":16,"s:60:16:60:Infinity":17,"b:61:2:61:Infinity:undefined:undefined:undefined:undefined":5,"s:61:2:61:Infinity":18,"s:61:17:61:Infinity":19,"s:62:2:62:Infinity":20,"f:70:16:70:26":4,"b:71:2:71:Infinity:undefined:undefined:undefined:undefined":6,"s:71:2:71:Infinity":21,"s:71:12:71:Infinity":22,"s:72:2:72:Infinity":23,"f:80:16:80:26":5,"b:81:2:81:Infinity:undefined:undefined:undefined:undefined":7,"s:81:2:81:Infinity":24,"s:81:12:81:Infinity":25,"s:82:12:82:Infinity":26,"s:83:2:83:Infinity":27,"b:83:9:83:39:83:39:83:Infinity":8,"f:91:16:91:31":6,"s:92:12:92:Infinity":28,"b:93:2:93:Infinity:undefined:undefined:undefined:undefined":9,"s:93:2:93:Infinity":29,"s:93:33:93:Infinity":30,"s:95:2:101:Infinity":31,"f:108:16:108:44":7,"s:109:2:113:Infinity":32}}}
,"/Users/suhaasnv/Documents/Desktop ALT/portfolioprojects/echobrief-ai/src/lib/features.ts": {"path":"/Users/suhaasnv/Documents/Desktop ALT/portfolioprojects/echobrief-ai/src/lib/features.ts","statementMap":{"0":{"start":{"line":30,"column":69},"end":{"line":79,"column":null}},"1":{"start":{"line":85,"column":19},"end":{"line":85,"column":null}},"2":{"start":{"line":86,"column":16},"end":{"line":86,"column":null}},"3":{"start":{"line":87,"column":2},"end":{"line":87,"column":null}},"4":{"start":{"line":101,"column":84},"end":{"line":123,"column":null}}},"fnMap":{"0":{"name":"hasFeature","decl":{"start":{"line":84,"column":16},"end":{"line":84,"column":27}},"loc":{"start":{"line":84,"column":89},"end":{"line":88,"column":null}},"line":84}},"branchMap":{"0":{"loc":{"start":{"line":87,"column":9},"end":{"line":87,"column":null}},"type":"cond-expr","locations":[{"start":{"line":87,"column":38},"end":{"line":87,"column":46}},{"start":{"line":87,"column":46},"end":{"line":87,"column":null}}],"line":87}},"s":{"0":1,"1":54,"2":54,"3":54,"4":1},"f":{"0":54},"b":{"0":[28,26]},"meta":{"lastBranch":1,"lastFunction":1,"lastStatement":5,"seen":{"s:30:69:79:Infinity":0,"f:84:16:84:27":0,"s:85:19:85:Infinity":1,"s:86:16:86:Infinity":2,"s:87:2:87:Infinity":3,"b:87:38:87:46:87:46:87:Infinity":0,"s:101:84:123:Infinity":4}}}
,"/Users/suhaasnv/Documents/Desktop ALT/portfolioprojects/echobrief-ai/src/server/env.ts": {"path":"/Users/suhaasnv/Documents/Desktop ALT/portfolioprojects/echobrief-ai/src/server/env.ts","statementMap":{"0":{"start":{"line":10,"column":18},"end":{"line":51,"column":null}},"1":{"start":{"line":55,"column":25},"end":{"line":55,"column":null}},"2":{"start":{"line":58,"column":2},"end":{"line":58,"column":null}},"3":{"start":{"line":58,"column":14},"end":{"line":58,"column":null}},"4":{"start":{"line":59,"column":17},"end":{"line":59,"column":null}},"5":{"start":{"line":60,"column":2},"end":{"line":63,"column":null}},"6":{"start":{"line":61,"column":4},"end":{"line":61,"column":null}},"7":{"start":{"line":62,"column":4},"end":{"line":62,"column":null}},"8":{"start":{"line":64,"column":2},"end":{"line":64,"column":null}},"9":{"start":{"line":65,"column":2},"end":{"line":65,"column":null}}},"fnMap":{"0":{"name":"getEnv","decl":{"start":{"line":57,"column":16},"end":{"line":57,"column":30}},"loc":{"start":{"line":57,"column":30},"end":{"line":66,"column":null}},"line":57}},"branchMap":{"0":{"loc":{"start":{"line":58,"column":2},"end":{"line":58,"column":null}},"type":"if","locations":[{"start":{"line":58,"column":2},"end":{"line":58,"column":null}},{"start":{},"end":{}}],"line":58},"1":{"loc":{"start":{"line":60,"column":2},"end":{"line":63,"column":null}},"type":"if","locations":[{"start":{"line":60,"column":2},"end":{"line":63,"column":null}},{"start":{},"end":{}}],"line":60}},"s":{"0":1,"1":1,"2":0,"3":0,"4":0,"5":0,"6":0,"7":0,"8":0,"9":0},"f":{"0":0},"b":{"0":[0,0],"1":[0,0]},"meta":{"lastBranch":2,"lastFunction":1,"lastStatement":10,"seen":{"s:10:18:51:Infinity":0,"s:55:25:55:Infinity":1,"f:57:16:57:30":0,"b:58:2:58:Infinity:undefined:undefined:undefined:undefined":0,"s:58:2:58:Infinity":2,"s:58:14:58:Infinity":3,"s:59:17:59:Infinity":4,"b:60:2:63:Infinity:undefined:undefined:undefined:undefined":1,"s:60:2:63:Infinity":5,"s:61:4:61:Infinity":6,"s:62:4:62:Infinity":7,"s:64:2:64:Infinity":8,"s:65:2:65:Infinity":9}}}
,"/Users/suhaasnv/Documents/Desktop ALT/portfolioprojects/echobrief-ai/src/server/lib/chunking.ts": {"path":"/Users/suhaasnv/Documents/Desktop ALT/portfolioprojects/echobrief-ai/src/server/lib/chunking.ts","statementMap":{"0":{"start":{"line":11,"column":20},"end":{"line":11,"column":null}},"1":{"start":{"line":12,"column":22},"end":{"line":12,"column":null}},"2":{"start":{"line":22,"column":2},"end":{"line":22,"column":null}},"3":{"start":{"line":22,"column":26},"end":{"line":22,"column":null}},"4":{"start":{"line":24,"column":36},"end":{"line":24,"column":null}},"5":{"start":{"line":25,"column":14},"end":{"line":25,"column":null}},"6":{"start":{"line":26,"column":10},"end":{"line":26,"column":null}},"7":{"start":{"line":28,"column":2},"end":{"line":40,"column":null}},"8":{"start":{"line":29,"column":16},"end":{"line":29,"column":null}},"9":{"start":{"line":30,"column":18},"end":{"line":30,"column":null}},"10":{"start":{"line":31,"column":4},"end":{"line":36,"column":null}},"11":{"start":{"line":33,"column":32},"end":{"line":33,"column":38}},"12":{"start":{"line":38,"column":4},"end":{"line":38,"column":null}},"13":{"start":{"line":38,"column":30},"end":{"line":38,"column":null}},"14":{"start":{"line":39,"column":4},"end":{"line":39,"column":null}},"15":{"start":{"line":42,"column":2},"end":{"line":42,"column":null}},"16":{"start":{"line":50,"column":16},"end":{"line":50,"column":null}},"17":{"start":{"line":51,"column":2},"end":{"line":51,"column":null}},"18":{"start":{"line":51,"column":26},"end":{"line":51,"column":null}},"19":{"start":{"line":53,"column":36},"end":{"line":53,"column":null}},"20":{"start":{"line":54,"column":14},"end":{"line":54,"column":null}},"21":{"start":{"line":55,"column":10},"end":{"line":55,"column":null}},"22":{"start":{"line":57,"column":2},"end":{"line":67,"column":null}},"23":{"start":{"line":58,"column":16},"end":{"line":58,"column":null}},"24":{"start":{"line":59,"column":4},"end":{"line":64,"column":null}},"25":{"start":{"line":65,"column":4},"end":{"line":65,"column":null}},"26":{"start":{"line":65,"column":30},"end":{"line":65,"column":null}},"27":{"start":{"line":66,"column":4},"end":{"line":66,"column":null}},"28":{"start":{"line":69,"column":2},"end":{"line":69,"column":null}}},"fnMap":{"0":{"name":"chunkTranscript","decl":{"start":{"line":21,"column":16},"end":{"line":21,"column":32}},"loc":{"start":{"line":21,"column":79},"end":{"line":43,"column":null}},"line":21},"1":{"name":"(anonymous_1)","decl":{"start":{"line":33,"column":25},"end":{"line":33,"column":26}},"loc":{"start":{"line":33,"column":32},"end":{"line":33,"column":38}},"line":33},"2":{"name":"chunkRawText","decl":{"start":{"line":49,"column":16},"end":{"line":49,"column":29}},"loc":{"start":{"line":49,"column":62},"end":{"line":70,"column":null}},"line":49}},"branchMap":{"0":{"loc":{"start":{"line":22,"column":2},"end":{"line":22,"column":null}},"type":"if","locations":[{"start":{"line":22,"column":2},"end":{"line":22,"column":null}},{"start":{},"end":{}}],"line":22},"1":{"loc":{"start":{"line":38,"column":4},"end":{"line":38,"column":null}},"type":"if","locations":[{"start":{"line":38,"column":4},"end":{"line":38,"column":null}},{"start":{},"end":{}}],"line":38},"2":{"loc":{"start":{"line":51,"column":2},"end":{"line":51,"column":null}},"type":"if","locations":[{"start":{"line":51,"column":2},"end":{"line":51,"column":null}},{"start":{},"end":{}}],"line":51},"3":{"loc":{"start":{"line":65,"column":4},"end":{"line":65,"column":null}},"type":"if","locations":[{"start":{"line":65,"column":4},"end":{"line":65,"column":null}},{"start":{},"end":{}}],"line":65}},"s":{"0":1,"1":1,"2":4,"3":1,"4":3,"5":3,"6":3,"7":3,"8":4,"9":4,"10":4,"11":600,"12":4,"13":3,"14":1,"15":3,"16":4,"17":4,"18":2,"19":2,"20":2,"21":2,"22":2,"23":3,"24":3,"25":3,"26":2,"27":1,"28":2},"f":{"0":4,"1":600,"2":4},"b":{"0":[1,3],"1":[3,1],"2":[2,2],"3":[2,1]},"meta":{"lastBranch":4,"lastFunction":3,"lastStatement":29,"seen":{"s:11:20:11:Infinity":0,"s:12:22:12:Infinity":1,"f:21:16:21:32":0,"b:22:2:22:Infinity:undefined:undefined:undefined:undefined":0,"s:22:2:22:Infinity":2,"s:22:26:22:Infinity":3,"s:24:36:24:Infinity":4,"s:25:14:25:Infinity":5,"s:26:10:26:Infinity":6,"s:28:2:40:Infinity":7,"s:29:16:29:Infinity":8,"s:30:18:30:Infinity":9,"s:31:4:36:Infinity":10,"f:33:25:33:26":1,"s:33:32:33:38":11,"b:38:4:38:Infinity:undefined:undefined:undefined:undefined":1,"s:38:4:38:Infinity":12,"s:38:30:38:Infinity":13,"s:39:4:39:Infinity":14,"s:42:2:42:Infinity":15,"f:49:16:49:29":2,"s:50:16:50:Infinity":16,"b:51:2:51:Infinity:undefined:undefined:undefined:undefined":2,"s:51:2:51:Infinity":17,"s:51:26:51:Infinity":18,"s:53:36:53:Infinity":19,"s:54:14:54:Infinity":20,"s:55:10:55:Infinity":21,"s:57:2:67:Infinity":22,"s:58:16:58:Infinity":23,"s:59:4:64:Infinity":24,"b:65:4:65:Infinity:undefined:undefined:undefined:undefined":3,"s:65:4:65:Infinity":25,"s:65:30:65:Infinity":26,"s:66:4:66:Infinity":27,"s:69:2:69:Infinity":28}}}
,"/Users/suhaasnv/Documents/Desktop ALT/portfolioprojects/echobrief-ai/src/server/services/r2.ts": {"path":"/Users/suhaasnv/Documents/Desktop ALT/portfolioprojects/echobrief-ai/src/server/services/r2.ts","statementMap":{"0":{"start":{"line":15,"column":28},"end":{"line":15,"column":null}},"1":{"start":{"line":17,"column":31},"end":{"line":17,"column":null}},"2":{"start":{"line":20,"column":2},"end":{"line":20,"column":null}},"3":{"start":{"line":20,"column":15},"end":{"line":20,"column":null}},"4":{"start":{"line":21,"column":8},"end":{"line":21,"column":null}},"5":{"start":{"line":22,"column":2},"end":{"line":24,"column":null}},"6":{"start":{"line":23,"column":4},"end":{"line":23,"column":null}},"7":{"start":{"line":25,"column":2},"end":{"line":32,"column":null}},"8":{"start":{"line":33,"column":2},"end":{"line":33,"column":null}},"9":{"start":{"line":37,"column":18},"end":{"line":37,"column":null}},"10":{"start":{"line":38,"column":2},"end":{"line":38,"column":null}},"11":{"start":{"line":42,"column":38},"end":{"line":52,"column":null}},"12":{"start":{"line":53,"column":2},"end":{"line":53,"column":null}},"13":{"start":{"line":61,"column":8},"end":{"line":61,"column":null}},"14":{"start":{"line":62,"column":14},"end":{"line":67,"column":null}},"15":{"start":{"line":68,"column":21},"end":{"line":70,"column":null}},"16":{"start":{"line":71,"column":21},"end":{"line":71,"column":null}},"17":{"start":{"line":72,"column":2},"end":{"line":72,"column":null}},"18":{"start":{"line":76,"column":8},"end":{"line":76,"column":null}},"19":{"start":{"line":77,"column":14},"end":{"line":80,"column":null}},"20":{"start":{"line":81,"column":2},"end":{"line":81,"column":null}},"21":{"start":{"line":85,"column":8},"end":{"line":85,"column":null}},"22":{"start":{"line":86,"column":2},"end":{"line":91,"column":null}},"23":{"start":{"line":95,"column":8},"end":{"line":95,"column":null}},"24":{"start":{"line":96,"column":2},"end":{"line":106,"column":null}},"25":{"start":{"line":97,"column":4},"end":{"line":102,"column":null}},"26":{"start":{"line":103,"column":4},"end":{"line":103,"column":null}},"27":{"start":{"line":105,"column":4},"end":{"line":105,"column":null}}},"fnMap":{"0":{"name":"getClient","decl":{"start":{"line":19,"column":9},"end":{"line":19,"column":31}},"loc":{"start":{"line":19,"column":31},"end":{"line":34,"column":null}},"line":19},"1":{"name":"buildAudioKey","decl":{"start":{"line":36,"column":16},"end":{"line":36,"column":30}},"loc":{"start":{"line":36,"column":86},"end":{"line":39,"column":null}},"line":36},"2":{"name":"extensionFromMime","decl":{"start":{"line":41,"column":16},"end":{"line":41,"column":34}},"loc":{"start":{"line":41,"column":56},"end":{"line":54,"column":null}},"line":41},"3":{"name":"createPresignedUploadUrl","decl":{"start":{"line":56,"column":22},"end":{"line":56,"column":null}},"loc":{"start":{"line":60,"column":55},"end":{"line":73,"column":null}},"line":60},"4":{"name":"createSignedReadUrl","decl":{"start":{"line":75,"column":22},"end":{"line":75,"column":42}},"loc":{"start":{"line":75,"column":95},"end":{"line":82,"column":null}},"line":75},"5":{"name":"deleteAudioObject","decl":{"start":{"line":84,"column":22},"end":{"line":84,"column":40}},"loc":{"start":{"line":84,"column":73},"end":{"line":92,"column":null}},"line":84},"6":{"name":"audioObjectExists","decl":{"start":{"line":94,"column":22},"end":{"line":94,"column":40}},"loc":{"start":{"line":94,"column":76},"end":{"line":107,"column":null}},"line":94}},"branchMap":{"0":{"loc":{"start":{"line":20,"column":2},"end":{"line":20,"column":null}},"type":"if","locations":[{"start":{"line":20,"column":2},"end":{"line":20,"column":null}},{"start":{},"end":{}}],"line":20},"1":{"loc":{"start":{"line":22,"column":2},"end":{"line":24,"column":null}},"type":"if","locations":[{"start":{"line":22,"column":2},"end":{"line":24,"column":null}},{"start":{},"end":{}}],"line":22},"2":{"loc":{"start":{"line":22,"column":6},"end":{"line":22,"column":80}},"type":"binary-expr","locations":[{"start":{"line":22,"column":6},"end":{"line":22,"column":28}},{"start":{"line":22,"column":28},"end":{"line":22,"column":53}},{"start":{"line":22,"column":53},"end":{"line":22,"column":80}}],"line":22},"3":{"loc":{"start":{"line":37,"column":18},"end":{"line":37,"column":null}},"type":"binary-expr","locations":[{"start":{"line":37,"column":18},"end":{"line":37,"column":66}},{"start":{"line":37,"column":66},"end":{"line":37,"column":null}}],"line":37},"4":{"loc":{"start":{"line":53,"column":9},"end":{"line":53,"column":null}},"type":"binary-expr","locations":[{"start":{"line":53,"column":9},"end":{"line":53,"column":22}},{"start":{"line":53,"column":22},"end":{"line":53,"column":null}}],"line":53},"5":{"loc":{"start":{"line":75,"column":60},"end":{"line":75,"column":95}},"type":"default-arg","locations":[{"start":{"line":75,"column":73},"end":{"line":75,"column":95}}],"line":75}},"s":{"0":1,"1":1,"2":0,"3":0,"4":0,"5":0,"6":0,"7":0,"8":0,"9":5,"10":5,"11":10,"12":10,"13":0,"14":0,"15":0,"16":0,"17":0,"18":0,"19":0,"20":0,"21":0,"22":0,"23":0,"24":0,"25":0,"26":0,"27":0},"f":{"0":0,"1":5,"2":10,"3":0,"4":0,"5":0,"6":0},"b":{"0":[0,0],"1":[0,0],"2":[0,0,0],"3":[5,2],"4":[10,2],"5":[0]},"meta":{"lastBranch":6,"lastFunction":7,"lastStatement":28,"seen":{"s:15:28:15:Infinity":0,"s:17:31:17:Infinity":1,"f:19:9:19:31":0,"b:20:2:20:Infinity:undefined:undefined:undefined:undefined":0,"s:20:2:20:Infinity":2,"s:20:15:20:Infinity":3,"s:21:8:21:Infinity":4,"b:22:2:24:Infinity:undefined:undefined:undefined:undefined":1,"s:22:2:24:Infinity":5,"b:22:6:22:28:22:28:22:53:22:53:22:80":2,"s:23:4:23:Infinity":6,"s:25:2:32:Infinity":7,"s:33:2:33:Infinity":8,"f:36:16:36:30":1,"s:37:18:37:Infinity":9,"b:37:18:37:66:37:66:37:Infinity":3,"s:38:2:38:Infinity":10,"f:41:16:41:34":2,"s:42:38:52:Infinity":11,"s:53:2:53:Infinity":12,"b:53:9:53:22:53:22:53:Infinity":4,"f:56:22:56:Infinity":3,"s:61:8:61:Infinity":13,"s:62:14:67:Infinity":14,"s:68:21:70:Infinity":15,"s:71:21:71:Infinity":16,"s:72:2:72:Infinity":17,"f:75:22:75:42":4,"b:75:73:75:95":5,"s:76:8:76:Infinity":18,"s:77:14:80:Infinity":19,"s:81:2:81:Infinity":20,"f:84:22:84:40":5,"s:85:8:85:Infinity":21,"s:86:2:91:Infinity":22,"f:94:22:94:40":6,"s:95:8:95:Infinity":23,"s:96:2:106:Infinity":24,"s:97:4:102:Infinity":25,"s:103:4:103:Infinity":26,"s:105:4:105:Infinity":27}}}
}
